生成启动时间为 2019/7/30 16:51:39。
     1>项目“D:\代码\作业\pra\n！\n！\n！.vcxproj”在节点 2 上(Build 个目标)。
     1>ClCompile:
         C:\Program Files (x86)\Microsoft Visual Studio 12.0\VC\bin\CL.exe /c /ZI /nologo /W3 /WX- /sdl /Od /Oy- /D _UNICODE /D UNICODE /Gm /EHsc /RTC1 /MDd /GS /fp:precise /Zc:wchar_t /Zc:forScope /Fo"Debug\\" /Fd"Debug\vc120.pdb" /Gd /TP /analyze- /errorReport:prompt main.cpp nnn.h
         nnn.h
         正在生成代码...
         正在跳过...(未检测到相关更改)
         main.cpp
       Link:
         C:\Program Files (x86)\Microsoft Visual Studio 12.0\VC\bin\link.exe /ERRORREPORT:PROMPT /OUT:"D:\代码\作业\pra\n！\Debug\n！.exe" /INCREMENTAL /NOLOGO kernel32.lib user32.lib gdi32.lib winspool.lib comdlg32.lib advapi32.lib shell32.lib ole32.lib oleaut32.lib uuid.lib odbc32.lib odbccp32.lib /MANIFEST /MANIFESTUAC:"level='asInvoker' uiAccess='false'" /manifest:embed /DEBUG /PDB:"D:\代码\作业\pra\n！\Debug\n！.pdb" /TLBID:1 /DYNAMICBASE /NXCOMPAT /IMPLIB:"D:\代码\作业\pra\n！\Debug\n！.lib" /MACHINE:X86 Debug\main.obj
         Debug\nnn.obj
     1>nnn.obj : error LNK2005: "void __cdecl test(void)" (?test@@YAXXZ) 已经在 main.obj 中定义
     1>nnn.obj : error LNK2005: "public: static unsigned int Temp::N" (?N@Temp@@2IA) 已经在 main.obj 中定义
     1>nnn.obj : error LNK2005: "public: static unsigned int Temp::Sum" (?Sum@Temp@@2IA) 已经在 main.obj 中定义
     1>D:\代码\作业\pra\n！\Debug\n！.exe : fatal error LNK1169: 找到一个或多个多重定义的符号
     1>已完成生成项目“D:\代码\作业\pra\n！\n！\n！.vcxproj”(Build 个目标)的操作 - 失败。

生成失败。

已用时间 00:00:00.71
